build/outputs/logs/manifest-merger-debug-report.txt
-- Merging decision tree log ---
manifest
ADDED from src\main\AndroidManifest.xml:16:1-70:12
INJECTED from src\main\AndroidManifest.xml:16:1-70:12
INJECTED from src\main\AndroidManifest.xml:16:1-70:12
INJECTED from src\main\AndroidManifest.xml:16:1-70:12
MERGED from [com.android.support:design:23.0.0] AndroidManifest.xml:17:1-24:12
MERGED from [com.android.support:appcompat-v7:23.0.0] AndroidManifest.xml:17:1-24:12
MERGED from [com.android.support:support-v4:23.0.0] AndroidManifest.xml:17:1-24:12
INJECTED from src\main\AndroidManifest.xml:16:1-70:12
INJECTED from src\main\AndroidManifest.xml:16:1-70:12
INJECTED from src\main\AndroidManifest.xml:16:1-70:12
	package
		ADDED from src\main\AndroidManifest.xml:17:5-40
		INJECTED from src\main\AndroidManifest.xml
		INJECTED from src\main\AndroidManifest.xml
	android:versionName
		INJECTED from src\main\AndroidManifest.xml
		ADDED from src\main\AndroidManifest.xml:16:1-70:12
		INJECTED from src\main\AndroidManifest.xml
	android:versionCode
		INJECTED from src\main\AndroidManifest.xml
		ADDED from src\main\AndroidManifest.xml:16:1-70:12
		INJECTED from src\main\AndroidManifest.xml
	xmlns:android
		ADDED from src\main\AndroidManifest.xml:16:11-69
application
ADDED from src\main\AndroidManifest.xml:19:5-68:19
MERGED from [com.android.support:design:23.0.0] AndroidManifest.xml:22:5-20
MERGED from [com.android.support:design:23.0.0] AndroidManifest.xml:22:5-20
MERGED from [com.android.support:appcompat-v7:23.0.0] AndroidManifest.xml:22:5-20
MERGED from [com.android.support:appcompat-v7:23.0.0] AndroidManifest.xml:22:5-20
MERGED from [com.android.support:support-v4:23.0.0] AndroidManifest.xml:22:5-20
MERGED from [com.android.support:support-v4:23.0.0] AndroidManifest.xml:22:5-20
	android:supportsRtl
		ADDED from src\main\AndroidManifest.xml:23:9-35
	android:label
		ADDED from src\main\AndroidManifest.xml:22:9-41
	android:icon
		ADDED from src\main\AndroidManifest.xml:21:9-43
	android:allowBackup
		ADDED from src\main\AndroidManifest.xml:20:9-35
	android:theme
		ADDED from src\main\AndroidManifest.xml:24:9-40
activity#com.example.android.miwok.MainActivity
ADDED from src\main\AndroidManifest.xml:25:9-31:20
	android:name
		ADDED from src\main\AndroidManifest.xml:25:19-47
intent-filter#action:name:android.intent.action.MAIN+category:name:android.intent.category.LAUNCHER
ADDED from src\main\AndroidManifest.xml:26:13-30:29
action#android.intent.action.MAIN
ADDED from src\main\AndroidManifest.xml:27:17-69
	android:name
		ADDED from src\main\AndroidManifest.xml:27:25-66
category#android.intent.category.LAUNCHER
ADDED from src\main\AndroidManifest.xml:29:17-77
	android:name
		ADDED from src\main\AndroidManifest.xml:29:27-74
activity#com.example.android.miwok.NumbersActivity
ADDED from src\main\AndroidManifest.xml:32:9-40:20
	android:parentActivityName
		ADDED from src\main\AndroidManifest.xml:35:13-55
	android:label
		ADDED from src\main\AndroidManifest.xml:34:13-53
	android:name
		ADDED from src\main\AndroidManifest.xml:33:13-44
meta-data#android.support.PARENT_ACTIVITY
ADDED from src\main\AndroidManifest.xml:37:13-39:48
	android:value
		ADDED from src\main\AndroidManifest.xml:39:17-46
	android:name
		ADDED from src\main\AndroidManifest.xml:38:17-63
activity#com.example.android.miwok.FamilyActivity
ADDED from src\main\AndroidManifest.xml:41:9-49:20
	android:parentActivityName
		ADDED from src\main\AndroidManifest.xml:44:13-55
	android:label
		ADDED from src\main\AndroidManifest.xml:43:13-52
	android:name
		ADDED from src\main\AndroidManifest.xml:42:13-43
activity#com.example.android.miwok.ColorsActivity
ADDED from src\main\AndroidManifest.xml:50:9-58:20
	android:parentActivityName
		ADDED from src\main\AndroidManifest.xml:53:13-55
	android:label
		ADDED from src\main\AndroidManifest.xml:52:13-52
	android:name
		ADDED from src\main\AndroidManifest.xml:51:13-43
activity#com.example.android.miwok.PhrasesActivity
ADDED from src\main\AndroidManifest.xml:59:9-67:20
	android:parentActivityName
		ADDED from src\main\AndroidManifest.xml:62:13-55
	android:label
		ADDED from src\main\AndroidManifest.xml:61:13-53
	android:name
		ADDED from src\main\AndroidManifest.xml:60:13-44
uses-sdk
INJECTED from src\main\AndroidManifest.xml reason: use-sdk injection requested
INJECTED from src\main\AndroidManifest.xml
INJECTED from src\main\AndroidManifest.xml
MERGED from [com.android.support:design:23.0.0] AndroidManifest.xml:20:5-43
MERGED from [com.android.support:design:23.0.0] AndroidManifest.xml:20:5-43
MERGED from [com.android.support:appcompat-v7:23.0.0] AndroidManifest.xml:20:5-43
MERGED from [com.android.support:appcompat-v7:23.0.0] AndroidManifest.xml:20:5-43
MERGED from [com.android.support:support-v4:23.0.0] AndroidManifest.xml:20:5-43
MERGED from [com.android.support:support-v4:23.0.0] AndroidManifest.xml:20:5-43
INJECTED from src\main\AndroidManifest.xml
INJECTED from src\main\AndroidManifest.xml
	android:targetSdkVersion
		INJECTED from src\main\AndroidManifest.xml
		ADDED from src\main\AndroidManifest.xml
		INJECTED from src\main\AndroidManifest.xml
	android:minSdkVersion
		INJECTED from src\main\AndroidManifest.xml
		ADDED from src\main\AndroidManifest.xml
		INJECTED from src\main\AndroidManifest.xml